<?xml version="1.0" encoding="UTF-8"?>
<!-- Generated by org.testng.reporters.JUnitReportReporter -->
<testsuite hostname="IN-IT5436" failures="0" tests="1" name="tests.LocatorTest" time="12.922" errors="0" timestamp="2022-02-01T20:18:12 IST" skipped="0">
  <testcase classname="tests.LocatorTest" name="searchWithZip" time="12.922"/>
  <system-out/>
</testsuite> <!-- tests.LocatorTest -->
